[0.011s] Invoking command in '/home/lucaslapdoglinux/major_prok_ws/HardCodeHeroesMajorProject/build/turtlebot3_gazebo': CMAKE_PREFIX_PATH=${CMAKE_PREFIX_PATH}:/opt/ros/humble /usr/bin/cmake /home/lucaslapdoglinux/major_prok_ws/HardCodeHeroesMajorProject/turtlebot3_gazebo -DCMAKE_INSTALL_PREFIX=/home/lucaslapdoglinux/major_prok_ws/HardCodeHeroesMajorProject/install/turtlebot3_gazebo
[0.073s] -- The C compiler identification is GNU 11.4.0
[0.130s] -- The CXX compiler identification is GNU 11.4.0
[0.139s] -- Detecting C compiler ABI info
[0.212s] -- Detecting C compiler ABI info - done
[0.219s] -- Check for working C compiler: /usr/bin/cc - skipped
[0.219s] -- Detecting C compile features
[0.220s] -- Detecting C compile features - done
[0.223s] -- Detecting CXX compiler ABI info
[0.303s] -- Detecting CXX compiler ABI info - done
[0.311s] -- Check for working CXX compiler: /usr/bin/c++ - skipped
[0.311s] -- Detecting CXX compile features
[0.311s] -- Detecting CXX compile features - done
[0.320s] -- Found ament_cmake: 1.3.10 (/opt/ros/humble/share/ament_cmake/cmake)
[0.472s] -- Found Python3: /usr/bin/python3 (found version "3.10.12") found components: Interpreter 
[0.586s] [33mCMake Warning (dev) at /usr/share/cmake-3.22/Modules/FindPackageHandleStandardArgs.cmake:438 (message):
[0.586s]   The package name passed to `find_package_handle_standard_args` (PkgConfig)
[0.586s]   does not match the name of the calling package (gazebo).  This can lead to
[0.586s]   problems in calling code that expects `find_package` result variables
[0.586s]   (e.g., `_FOUND`) to follow a certain pattern.
[0.586s] Call Stack (most recent call first):
[0.587s]   /usr/share/cmake-3.22/Modules/FindPkgConfig.cmake:99 (find_package_handle_standard_args)
[0.587s]   /usr/lib/x86_64-linux-gnu/cmake/gazebo/gazebo-config.cmake:72 (include)
[0.587s]   CMakeLists.txt:23 (find_package)
[0.587s] This warning is for project developers.  Use -Wno-dev to suppress it.
[0.587s] [0m
[0.587s] -- Found PkgConfig: /usr/bin/pkg-config (found version "0.29.2") 
[0.591s] -- Checking for module 'bullet>=2.82'
[0.603s] --   Found bullet, version 3.05
[0.706s] -- Found fcl: /usr/include (found suitable version "0.7.0", minimum required is "0.5.0") 
[0.752s] -- Found assimp: /usr/include (found version "5.2.0") 
[0.775s] -- Found DART: /usr/include (Required is at least version "6.6") found components: dart 
[0.960s] -- Found Boost: /usr/lib/x86_64-linux-gnu/cmake/Boost-1.74.0/BoostConfig.cmake (found suitable version "1.74.0", minimum required is "1.40.0") found components: thread system filesystem program_options regex iostreams date_time 
[0.981s] -- Found Protobuf: /usr/lib/x86_64-linux-gnu/libprotobuf.so (found version "3.12.4") 
[0.988s] -- Looking for ignition-math6 -- found version 6.15.1
[0.997s] -- Searching for dependencies of ignition-math6
[0.999s] -- Looking for OGRE...
[0.999s] -- OGRE_PREFIX_WATCH changed.
[1.005s] -- Checking for module 'OGRE'
[1.017s] --   Found OGRE, version 1.9.0
[1.049s] -- Found Ogre Ghadamon (1.9.0)
[1.060s] -- Found OGRE: optimized;/usr/lib/x86_64-linux-gnu/libOgreMain.so;debug;/usr/lib/x86_64-linux-gnu/libOgreMain.so
[1.069s] -- Looking for OGRE_Paging...
[1.074s] -- Found OGRE_Paging: optimized;/usr/lib/x86_64-linux-gnu/libOgrePaging.so;debug;/usr/lib/x86_64-linux-gnu/libOgrePaging.so
[1.074s] -- Looking for OGRE_Terrain...
[1.079s] -- Found OGRE_Terrain: optimized;/usr/lib/x86_64-linux-gnu/libOgreTerrain.so;debug;/usr/lib/x86_64-linux-gnu/libOgreTerrain.so
[1.079s] -- Looking for OGRE_Property...
[1.085s] -- Found OGRE_Property: optimized;/usr/lib/x86_64-linux-gnu/libOgreProperty.so;debug;/usr/lib/x86_64-linux-gnu/libOgreProperty.so
[1.085s] -- Looking for OGRE_RTShaderSystem...
[1.090s] -- Found OGRE_RTShaderSystem: optimized;/usr/lib/x86_64-linux-gnu/libOgreRTShaderSystem.so;debug;/usr/lib/x86_64-linux-gnu/libOgreRTShaderSystem.so
[1.090s] -- Looking for OGRE_Volume...
[1.095s] -- Found OGRE_Volume: optimized;/usr/lib/x86_64-linux-gnu/libOgreVolume.so;debug;/usr/lib/x86_64-linux-gnu/libOgreVolume.so
[1.095s] -- Looking for OGRE_Overlay...
[1.100s] -- Found OGRE_Overlay: optimized;/usr/lib/x86_64-linux-gnu/libOgreOverlay.so;debug;/usr/lib/x86_64-linux-gnu/libOgreOverlay.so
[1.215s] -- Looking for ignition-math6 -- found version 6.15.1
[1.218s] -- Looking for ignition-transport8 -- found version 8.2.1
[1.219s] -- Searching for dependencies of ignition-transport8
[1.239s] -- Found Protobuf: /usr/lib/x86_64-linux-gnu/libprotobuf.so (found suitable version "3.12.4", minimum required is "3") 
[1.251s] -- Config-file not installed for ZeroMQ -- checking for pkg-config
[1.257s] -- Checking for module 'libzmq >= 4'
[1.270s] --   Found libzmq , version 4.3.4
[1.306s] -- Found ZeroMQ: TRUE (Required is at least version "4") 
[1.312s] -- Checking for module 'uuid'
[1.324s] --   Found uuid, version 2.37.2
[1.355s] -- Found UUID: TRUE  
[1.358s] -- Looking for ignition-msgs5 -- found version 5.8.1
[1.358s] -- Searching for dependencies of ignition-msgs5
[1.378s] -- Looking for ignition-math6 -- found version 6.15.1
[1.383s] -- Checking for module 'tinyxml2'
[1.395s] --   Found tinyxml2, version 9.0.0
[1.429s] -- Looking for ignition-msgs5 -- found version 5.8.1
[1.432s] -- Looking for ignition-common3 -- found version 3.14.0
[1.432s] -- Searching for dependencies of ignition-common3
[1.432s] -- Looking for dlfcn.h - found
[1.433s] -- Looking for libdl - found
[1.435s] -- Found DL: TRUE  
[1.447s] -- Found tinyobjloader: /usr/lib/x86_64-linux-gnu/cmake/tinyobjloader/tinyobjloader-config.cmake (found version "2.0.0") 
[1.448s] -- Searching for <ignition-common3> component [graphics]
[1.450s] -- Looking for ignition-common3-graphics -- found version 3.14.0
[1.451s] -- Searching for dependencies of ignition-common3-graphics
[1.451s] -- Looking for ignition-math6 -- found version 6.15.1
[1.455s] -- Looking for ignition-fuel_tools4 -- found version 4.4.0
[1.455s] -- Searching for dependencies of ignition-fuel_tools4
[1.532s] -- Found CURL: /usr/lib/x86_64-linux-gnu/libcurl.so (found version "7.81.0")  
[1.542s] -- Checking for module 'jsoncpp'
[1.555s] --   Found jsoncpp, version 1.9.5
[1.586s] -- Found JSONCPP: TRUE  
[1.593s] -- Checking for module 'libzip'
[1.605s] --   Found libzip, version 1.7.3
[1.637s] -- Found ZIP: TRUE  
[1.637s] -- Looking for ignition-common3 -- found version 3.14.0
[1.638s] -- Looking for ignition-math6 -- found version 6.15.1
[1.638s] -- Looking for ignition-msgs5 -- found version 5.8.1
[1.646s] -- Found gazebo_ros_pkgs: 3.7.0 (/opt/ros/humble/share/gazebo_ros_pkgs/cmake)
[1.648s] -- Found geometry_msgs: 4.2.4 (/opt/ros/humble/share/geometry_msgs/cmake)
[1.693s] -- Found rosidl_generator_c: 3.1.5 (/opt/ros/humble/share/rosidl_generator_c/cmake)
[1.701s] -- Found rosidl_adapter: 3.1.5 (/opt/ros/humble/share/rosidl_adapter/cmake)
[1.712s] -- Found rosidl_generator_cpp: 3.1.5 (/opt/ros/humble/share/rosidl_generator_cpp/cmake)
[1.733s] -- Using all available rosidl_typesupport_c: rosidl_typesupport_fastrtps_c;rosidl_typesupport_introspection_c
[1.758s] -- Using all available rosidl_typesupport_cpp: rosidl_typesupport_fastrtps_cpp;rosidl_typesupport_introspection_cpp
[1.824s] -- Found nav_msgs: 4.2.4 (/opt/ros/humble/share/nav_msgs/cmake)
[1.847s] -- Found rclcpp: 16.0.10 (/opt/ros/humble/share/rclcpp/cmake)
[1.906s] -- Found rmw_implementation_cmake: 6.1.2 (/opt/ros/humble/share/rmw_implementation_cmake/cmake)
[1.910s] -- Found rmw_fastrtps_cpp: 6.2.7 (/opt/ros/humble/share/rmw_fastrtps_cpp/cmake)
[2.013s] -- Found OpenSSL: /usr/lib/x86_64-linux-gnu/libcrypto.so (found version "3.0.2")  
[2.039s] -- Found FastRTPS: /opt/ros/humble/include  
[2.086s] -- Using RMW implementation 'rmw_fastrtps_cpp' as default
[2.098s] -- Found Threads: TRUE  
[2.153s] -- Found sensor_msgs: 4.2.4 (/opt/ros/humble/share/sensor_msgs/cmake)
[2.178s] -- Found tf2: 0.25.7 (/opt/ros/humble/share/tf2/cmake)
[2.266s] Invoked command in '/home/lucaslapdoglinux/major_prok_ws/HardCodeHeroesMajorProject/build/turtlebot3_gazebo' returned '-2': CMAKE_PREFIX_PATH=${CMAKE_PREFIX_PATH}:/opt/ros/humble /usr/bin/cmake /home/lucaslapdoglinux/major_prok_ws/HardCodeHeroesMajorProject/turtlebot3_gazebo -DCMAKE_INSTALL_PREFIX=/home/lucaslapdoglinux/major_prok_ws/HardCodeHeroesMajorProject/install/turtlebot3_gazebo
[2.270s] Traceback (most recent call last):
  File "/usr/lib/python3/dist-packages/colcon_parallel_executor/executor/parallel.py", line 75, in execute
    loop.run_until_complete(future)
  File "/usr/lib/python3.10/asyncio/base_events.py", line 636, in run_until_complete
    self.run_forever()
  File "/usr/lib/python3.10/asyncio/base_events.py", line 603, in run_forever
    self._run_once()
  File "/usr/lib/python3.10/asyncio/base_events.py", line 1871, in _run_once
    event_list = self._selector.select(timeout)
  File "/usr/lib/python3.10/selectors.py", line 469, in select
    fd_event_list = self._selector.poll(timeout, max_ev)
KeyboardInterrupt

During handling of the above exception, another exception occurred:

Traceback (most recent call last):
  File "/usr/lib/python3/dist-packages/colcon_core/executor/__init__.py", line 91, in __call__
    rc = await self.task(*args, **kwargs)
  File "/usr/lib/python3/dist-packages/colcon_core/task/__init__.py", line 93, in __call__
    return await task_method(*args, **kwargs)
  File "/usr/lib/python3/dist-packages/colcon_ros/task/ament_cmake/build.py", line 59, in build
    rc = await extension.build(
  File "/usr/lib/python3/dist-packages/colcon_cmake/task/cmake/build.py", line 87, in build
    rc = await self._reconfigure(args, env)
  File "/usr/lib/python3/dist-packages/colcon_cmake/task/cmake/build.py", line 182, in _reconfigure
    buildfile = get_buildfile(cmake_cache)
  File "/usr/lib/python3/dist-packages/colcon_cmake/task/cmake/__init__.py", line 114, in get_buildfile
    if 'Visual Studio' in generator:
TypeError: argument of type 'NoneType' is not iterable
