[0.013s] Invoking command in '/home/michael/Desktop/HardCodeHeroesMajorProject/auto_rotate/build/auto_rotate': CMAKE_PREFIX_PATH=${CMAKE_PREFIX_PATH}:/home/michael/turtlebot3_ws/install/turtlebot3_teleop:/home/michael/turtlebot3_ws/install/turtlebot3_example:/opt/ros/humble /usr/bin/cmake --build /home/michael/Desktop/HardCodeHeroesMajorProject/auto_rotate/build/auto_rotate -- -j8 -l8
[0.069s] [ 50%] [32mBuilding CXX object CMakeFiles/rotate_after_distance.dir/src/rotate_after_distance.cpp.o[0m
[0.341s] [01m[K/home/michael/Desktop/HardCodeHeroesMajorProject/auto_rotate/src/rotate_after_distance.cpp:12:10:[m[K [01;31m[Kfatal error: [m[Knav2_msgs/srv/manage_lifecycle_nodes.hpp: No such file or directory
[0.342s]    12 | #include [01;31m[K"nav2_msgs/srv/manage_lifecycle_nodes.hpp"[m[K
[0.342s]       |          [01;31m[K^~~~~~~~~~~~~~~~~~~~~~~~~~~~~~~~~~~~~~~~~~[m[K
[0.342s] compilation terminated.
[0.349s] gmake[2]: *** [CMakeFiles/rotate_after_distance.dir/build.make:76: CMakeFiles/rotate_after_distance.dir/src/rotate_after_distance.cpp.o] Error 1
[0.349s] gmake[1]: *** [CMakeFiles/Makefile2:137: CMakeFiles/rotate_after_distance.dir/all] Error 2
[0.350s] gmake: *** [Makefile:146: all] Error 2
[0.351s] Invoked command in '/home/michael/Desktop/HardCodeHeroesMajorProject/auto_rotate/build/auto_rotate' returned '2': CMAKE_PREFIX_PATH=${CMAKE_PREFIX_PATH}:/home/michael/turtlebot3_ws/install/turtlebot3_teleop:/home/michael/turtlebot3_ws/install/turtlebot3_example:/opt/ros/humble /usr/bin/cmake --build /home/michael/Desktop/HardCodeHeroesMajorProject/auto_rotate/build/auto_rotate -- -j8 -l8
