[0.022s] Invoking command in '/home/lucaslapdoglinux/major_prok_ws/HardCodeHeroesMajorProject/build/turtlebot3_gazebo': CMAKE_PREFIX_PATH=${CMAKE_PREFIX_PATH}:/home/lucaslapdoglinux/turtlebot3_ws/install/turtlebot3_teleop:/home/lucaslapdoglinux/turtlebot3_ws/install/turtlebot3_example:/home/lucaslapdoglinux/ros2_practice_ws/install/robot_math:/home/lucaslapdoglinux/ros2_practice_ws/ros2_learners/install/robot_math:/opt/ros/humble /usr/bin/cmake --build /home/lucaslapdoglinux/major_prok_ws/HardCodeHeroesMajorProject/build/turtlebot3_gazebo -- -j8 -l8
[0.085s] [35m[1mConsolidate compiler generated dependencies of target turtlebot3_shop_keeper[0m
[0.102s] [ 15%] Built target obstacle1
[0.110s] [ 30%] Built target obstacles
[0.111s] [ 46%] Built target obstacle2
[0.133s] [ 53%] [32mBuilding CXX object CMakeFiles/turtlebot3_shop_keeper.dir/src/WaypointManager.cpp.o[0m
[3.160s] In file included from [01m[K/home/lucaslapdoglinux/major_prok_ws/HardCodeHeroesMajorProject/turtlebot3_gazebo/src/WaypointManager.cpp:4[m[K:
[3.160s] [01m[K/home/lucaslapdoglinux/major_prok_ws/HardCodeHeroesMajorProject/turtlebot3_gazebo/include/WaypointManager.hpp:[m[K In constructor â€˜[01m[KWaypointManager::WaypointManager(std::shared_ptr<MapManager>, rclcpp::Publisher<geometry_msgs::msg::Point_<std::allocator<void> > >::SharedPtr, rclcpp::Publisher<visualization_msgs::msg::Marker_<std::allocator<void> > >::SharedPtr, rclcpp::Publisher<geometry_msgs::msg::PoseStamped_<std::allocator<void> > >::SharedPtr)[m[Kâ€™:
[3.160s] [01m[K/home/lucaslapdoglinux/major_prok_ws/HardCodeHeroesMajorProject/turtlebot3_gazebo/include/WaypointManager.hpp:42:31:[m[K [01;35m[Kwarning: [m[Kâ€˜[01m[KWaypointManager::map_manager_[m[Kâ€™ will be initialized after [[01;35m[K]8;;https://gcc.gnu.org/onlinedocs/gcc/Warning-Options.html#index-Wreorder-Wreorder]8;;[m[K]
[3.160s]    42 |   std::shared_ptr<MapManager> [01;35m[Kmap_manager_[m[K;
[3.160s]       |                               [01;35m[K^~~~~~~~~~~~[m[K
[3.160s] [01m[K/home/lucaslapdoglinux/major_prok_ws/HardCodeHeroesMajorProject/turtlebot3_gazebo/include/WaypointManager.hpp:37:59:[m[K [01;35m[Kwarning: [m[K  â€˜[01m[Krclcpp::Publisher<geometry_msgs::msg::Point_<std::allocator<void> > >::SharedPtr WaypointManager::waypoint_pub_[m[Kâ€™ [[01;35m[K]8;;https://gcc.gnu.org/onlinedocs/gcc/Warning-Options.html#index-Wreorder-Wreorder]8;;[m[K]
[3.161s]    37 | lisher<geometry_msgs::msg::Point>::SharedPtr [01;35m[Kwaypoint_pub_[m[K;  // Publisher for waypoints
[3.161s]       |                                              [01;35m[K^~~~~~~~~~~~~[m[K
[3.161s] 
[3.161s] [01m[K/home/lucaslapdoglinux/major_prok_ws/HardCodeHeroesMajorProject/turtlebot3_gazebo/src/WaypointManager.cpp:14:1:[m[K [01;35m[Kwarning: [m[K  when initialized here [[01;35m[K]8;;https://gcc.gnu.org/onlinedocs/gcc/Warning-Options.html#index-Wreorder-Wreorder]8;;[m[K]
[3.161s]    14 | [01;35m[KWaypointManager[m[K::WaypointManager(std::shared_ptr<MapManager> map_manager,
[3.161s]       | [01;35m[K^~~~~~~~~~~~~~~[m[K
[3.179s] [01m[K/home/lucaslapdoglinux/major_prok_ws/HardCodeHeroesMajorProject/turtlebot3_gazebo/src/WaypointManager.cpp:[m[K In member function â€˜[01m[Kvoid WaypointManager::process_goal_result(nav2_msgs::action::NavigateToPose::Result)[m[Kâ€™:
[3.179s] [01m[K/home/lucaslapdoglinux/major_prok_ws/HardCodeHeroesMajorProject/turtlebot3_gazebo/src/WaypointManager.cpp:118:23:[m[K [01;31m[Kerror: [m[Kâ€˜[01m[Kconst Result[m[Kâ€™ {aka â€˜[01m[Kconst struct nav2_msgs::action::NavigateToPose_Result_<std::allocator<void> >[m[Kâ€™} has no member named â€˜[01m[Kcode[m[Kâ€™
[3.179s]   118 |   switch (goal_result.[01;31m[Kcode[m[K) {
[3.179s]       |                       [01;31m[K^~~~[m[K
[4.161s] gmake[2]: *** [CMakeFiles/turtlebot3_shop_keeper.dir/build.make:132: CMakeFiles/turtlebot3_shop_keeper.dir/src/WaypointManager.cpp.o] Error 1
[4.162s] gmake[1]: *** [CMakeFiles/Makefile2:143: CMakeFiles/turtlebot3_shop_keeper.dir/all] Error 2
[4.162s] gmake: *** [Makefile:146: all] Error 2
[4.165s] Invoked command in '/home/lucaslapdoglinux/major_prok_ws/HardCodeHeroesMajorProject/build/turtlebot3_gazebo' returned '2': CMAKE_PREFIX_PATH=${CMAKE_PREFIX_PATH}:/home/lucaslapdoglinux/turtlebot3_ws/install/turtlebot3_teleop:/home/lucaslapdoglinux/turtlebot3_ws/install/turtlebot3_example:/home/lucaslapdoglinux/ros2_practice_ws/install/robot_math:/home/lucaslapdoglinux/ros2_practice_ws/ros2_learners/install/robot_math:/opt/ros/humble /usr/bin/cmake --build /home/lucaslapdoglinux/major_prok_ws/HardCodeHeroesMajorProject/build/turtlebot3_gazebo -- -j8 -l8
