[33mCMake Warning (dev) at /usr/share/cmake-3.22/Modules/FindPackageHandleStandardArgs.cmake:438 (message):
  The package name passed to `find_package_handle_standard_args` (PkgConfig)
  does not match the name of the calling package (gazebo).  This can lead to
  problems in calling code that expects `find_package` result variables
  (e.g., `_FOUND`) to follow a certain pattern.
Call Stack (most recent call first):
  /usr/share/cmake-3.22/Modules/FindPkgConfig.cmake:99 (find_package_handle_standard_args)
  /usr/lib/x86_64-linux-gnu/cmake/gazebo/gazebo-config.cmake:72 (include)
  CMakeLists.txt:23 (find_package)
This warning is for project developers.  Use -Wno-dev to suppress it.
[0m
[01m[K/home/lucaslapdoglinux/major_prok_ws/HardCodeHeroesMajorProject/turtlebot3_gazebo/src/InventoryWaypointsNode.cpp:[m[K In constructor â€˜[01m[KInventoryWaypointsNode::InventoryWaypointsNode()[m[Kâ€™:
[01m[K/home/lucaslapdoglinux/major_prok_ws/HardCodeHeroesMajorProject/turtlebot3_gazebo/src/InventoryWaypointsNode.cpp:26:136:[m[K [01;31m[Kerror: [m[Kexpected â€˜[01m[K)[m[Kâ€™ before â€˜[01m[K;[m[Kâ€™ token
   26 |                                                         this->create_publisher<geometry_msgs::msg::PoseStamped>("inventory_goals", qos)[01;31m[K;[m[K
      |                                                                                                                                        [01;31m[K^[m[K
      |                                                                                                                                        [32m[K)[m[K
[01m[K/home/lucaslapdoglinux/major_prok_ws/HardCodeHeroesMajorProject/turtlebot3_gazebo/src/InventoryWaypointsNode.cpp:24:56:[m[K [01;36m[Knote: [m[Kto match this â€˜[01m[K([m[Kâ€™
   24 |   waypoint_manager_ = std::make_shared<WaypointManager>[01;36m[K([m[Kthis->create_publisher<geometry_msgs::msg::Point>("inventory_waypoints", qos),
      |                                                        [01;36m[K^[m[K
[01m[K/home/lucaslapdoglinux/major_prok_ws/HardCodeHeroesMajorProject/turtlebot3_gazebo/src/WaypointManager.cpp:[m[K In member function â€˜[01m[Kvoid WaypointManager::publish_goals()[m[Kâ€™:
[01m[K/home/lucaslapdoglinux/major_prok_ws/HardCodeHeroesMajorProject/turtlebot3_gazebo/src/WaypointManager.cpp:98:46:[m[K [01;31m[Kerror: [m[Kexpected â€˜[01m[K;[m[Kâ€™ before â€˜[01m[Kwaypoint_as_goal[m[Kâ€™
   98 |   std::make_shared<geometry_msgs::msg::Point>[01;31m[K [m[K[32m[Kwaypoint_as_goal[m[K = waypoints_.at(3.5);
      |                                              [01;31m[K^[m[K[32m[K~~~~~~~~~~~~~~~~[m[K
      |                                              [32m[K;[m[K
[01m[K/home/lucaslapdoglinux/major_prok_ws/HardCodeHeroesMajorProject/turtlebot3_gazebo/src/WaypointManager.cpp:98:8:[m[K [01;35m[Kwarning: [m[Kstatement is a reference, not call, to function â€˜[01m[Kstd::make_shared<geometry_msgs::msg::Point_<std::allocator<void> > >[m[Kâ€™ [[01;35m[K]8;;https://gcc.gnu.org/onlinedocs/gcc/Warning-Options.html#index-Waddress-Waddress]8;;[m[K]
   98 |   [01;35m[Kstd::make_shared<geometry_msgs::msg::Point>[m[K waypoint_as_goal = waypoints_.at(3.5);
      |   [01;35m[K~~~~~^~~~~~~~~~~~~~~~~~~~~~~~~~~~~~~~~~~~~~[m[K
[01m[K/home/lucaslapdoglinux/major_prok_ws/HardCodeHeroesMajorProject/turtlebot3_gazebo/src/WaypointManager.cpp:98:8:[m[K [01;35m[Kwarning: [m[Kstatement has no effect [[01;35m[K]8;;https://gcc.gnu.org/onlinedocs/gcc/Warning-Options.html#index-Wunused-value-Wunused-value]8;;[m[K]
[01m[K/home/lucaslapdoglinux/major_prok_ws/HardCodeHeroesMajorProject/turtlebot3_gazebo/src/WaypointManager.cpp:100:26:[m[K [01;31m[Kerror: [m[Kâ€˜[01m[Kwaypoint_as_goal[m[Kâ€™ was not declared in this scope; did you mean â€˜[01m[Kwaypoints_[m[Kâ€™?
  100 |   goal.pose.position.x = [01;31m[Kwaypoint_as_goal[m[K->x;
      |                          [01;31m[K^~~~~~~~~~~~~~~~[m[K
      |                          [32m[Kwaypoints_[m[K
[01m[K/home/lucaslapdoglinux/major_prok_ws/HardCodeHeroesMajorProject/turtlebot3_gazebo/src/WaypointManager.cpp:109:3:[m[K [01;31m[Kerror: [m[Kâ€˜[01m[Kpublisher_[m[Kâ€™ was not declared in this scope; did you mean â€˜[01m[Krmw_publisher_t[m[Kâ€™?
  109 |   [01;31m[Kpublisher_[m[K->publish(goal);
      |   [01;31m[K^~~~~~~~~~[m[K
      |   [32m[Krmw_publisher_t[m[K
gmake[2]: *** [CMakeFiles/turtlebot3_shop_keeper.dir/build.make:132: CMakeFiles/turtlebot3_shop_keeper.dir/src/WaypointManager.cpp.o] Error 1
gmake[2]: *** Waiting for unfinished jobs....
gmake[2]: *** [CMakeFiles/turtlebot3_shop_keeper.dir/build.make:90: CMakeFiles/turtlebot3_shop_keeper.dir/src/InventoryWaypointsNode.cpp.o] Error 1
gmake[1]: *** [CMakeFiles/Makefile2:143: CMakeFiles/turtlebot3_shop_keeper.dir/all] Error 2
gmake[1]: *** Waiting for unfinished jobs....
gmake: *** [Makefile:146: all] Error 2
