[0.047s] Invoking command in '/home/lucaslapdoglinux/major_prok_ws/HardCodeHeroesMajorProject/build/turtlebot3_gazebo': CMAKE_PREFIX_PATH=${CMAKE_PREFIX_PATH}:/opt/ros/humble /usr/bin/cmake /home/lucaslapdoglinux/major_prok_ws/HardCodeHeroesMajorProject/turtlebot3_gazebo -DCMAKE_INSTALL_PREFIX=/home/lucaslapdoglinux/major_prok_ws/HardCodeHeroesMajorProject/install/turtlebot3_gazebo
[0.416s] -- The C compiler identification is GNU 11.4.0
[0.678s] -- The CXX compiler identification is GNU 11.4.0
[0.710s] -- Detecting C compiler ABI info
[1.006s] -- Detecting C compiler ABI info - done
[1.054s] -- Check for working C compiler: /usr/bin/cc - skipped
[1.058s] -- Detecting C compile features
[1.060s] -- Detecting C compile features - done
[1.078s] -- Detecting CXX compiler ABI info
[1.427s] -- Detecting CXX compiler ABI info - done
[1.476s] -- Check for working CXX compiler: /usr/bin/c++ - skipped
[1.478s] -- Detecting CXX compile features
[1.480s] -- Detecting CXX compile features - done
[1.508s] -- Found ament_cmake: 1.3.10 (/opt/ros/humble/share/ament_cmake/cmake)
[2.203s] -- Found Python3: /usr/bin/python3 (found version "3.10.12") found components: Interpreter 
[2.656s] [33mCMake Warning (dev) at /usr/share/cmake-3.22/Modules/FindPackageHandleStandardArgs.cmake:438 (message):
[2.657s]   The package name passed to `find_package_handle_standard_args` (PkgConfig)
[2.658s]   does not match the name of the calling package (gazebo).  This can lead to
[2.660s]   problems in calling code that expects `find_package` result variables
[2.660s]   (e.g., `_FOUND`) to follow a certain pattern.
[2.660s] Call Stack (most recent call first):
[2.661s]   /usr/share/cmake-3.22/Modules/FindPkgConfig.cmake:99 (find_package_handle_standard_args)
[2.661s]   /usr/lib/x86_64-linux-gnu/cmake/gazebo/gazebo-config.cmake:72 (include)
[2.662s]   CMakeLists.txt:23 (find_package)
[2.662s] This warning is for project developers.  Use -Wno-dev to suppress it.
[2.663s] [0m
[2.663s] -- Found PkgConfig: /usr/bin/pkg-config (found version "0.29.2") 
[2.678s] -- Checking for module 'bullet>=2.82'
[2.723s] --   Found bullet, version 3.05
[3.134s] -- Found fcl: /usr/include (found suitable version "0.7.0", minimum required is "0.5.0") 
[3.397s] -- Found assimp: /usr/include (found version "5.2.0") 
[3.492s] -- Found DART: /usr/include (Required is at least version "6.6") found components: dart 
[4.239s] -- Found Boost: /usr/lib/x86_64-linux-gnu/cmake/Boost-1.74.0/BoostConfig.cmake (found suitable version "1.74.0", minimum required is "1.40.0") found components: thread system filesystem program_options regex iostreams date_time 
[4.342s] -- Found Protobuf: /usr/lib/x86_64-linux-gnu/libprotobuf.so (found version "3.12.4") 
[4.367s] -- Looking for ignition-math6 -- found version 6.15.1
[4.400s] -- Searching for dependencies of ignition-math6
[4.408s] -- Looking for OGRE...
[4.410s] -- OGRE_PREFIX_WATCH changed.
[4.430s] -- Checking for module 'OGRE'
[4.483s] --   Found OGRE, version 1.9.0
[4.632s] -- Found Ogre Ghadamon (1.9.0)
[4.710s] -- Found OGRE: optimized;/usr/lib/x86_64-linux-gnu/libOgreMain.so;debug;/usr/lib/x86_64-linux-gnu/libOgreMain.so
[4.764s] -- Looking for OGRE_Paging...
[4.798s] -- Found OGRE_Paging: optimized;/usr/lib/x86_64-linux-gnu/libOgrePaging.so;debug;/usr/lib/x86_64-linux-gnu/libOgrePaging.so
[4.801s] -- Looking for OGRE_Terrain...
[4.840s] -- Found OGRE_Terrain: optimized;/usr/lib/x86_64-linux-gnu/libOgreTerrain.so;debug;/usr/lib/x86_64-linux-gnu/libOgreTerrain.so
[4.841s] -- Looking for OGRE_Property...
[4.881s] -- Found OGRE_Property: optimized;/usr/lib/x86_64-linux-gnu/libOgreProperty.so;debug;/usr/lib/x86_64-linux-gnu/libOgreProperty.so
[4.882s] -- Looking for OGRE_RTShaderSystem...
[4.929s] -- Found OGRE_RTShaderSystem: optimized;/usr/lib/x86_64-linux-gnu/libOgreRTShaderSystem.so;debug;/usr/lib/x86_64-linux-gnu/libOgreRTShaderSystem.so
[4.930s] -- Looking for OGRE_Volume...
[4.974s] -- Found OGRE_Volume: optimized;/usr/lib/x86_64-linux-gnu/libOgreVolume.so;debug;/usr/lib/x86_64-linux-gnu/libOgreVolume.so
[4.975s] -- Looking for OGRE_Overlay...
[5.018s] -- Found OGRE_Overlay: optimized;/usr/lib/x86_64-linux-gnu/libOgreOverlay.so;debug;/usr/lib/x86_64-linux-gnu/libOgreOverlay.so
[5.841s] -- Looking for ignition-math6 -- found version 6.15.1
[5.852s] -- Looking for ignition-transport8 -- found version 8.2.1
[5.854s] -- Searching for dependencies of ignition-transport8
[5.943s] -- Found Protobuf: /usr/lib/x86_64-linux-gnu/libprotobuf.so (found suitable version "3.12.4", minimum required is "3") 
[6.003s] -- Config-file not installed for ZeroMQ -- checking for pkg-config
[6.024s] -- Checking for module 'libzmq >= 4'
[6.085s] --   Found libzmq , version 4.3.4
[6.233s] -- Found ZeroMQ: TRUE (Required is at least version "4") 
[6.257s] -- Checking for module 'uuid'
[6.310s] --   Found uuid, version 2.37.2
[6.445s] -- Found UUID: TRUE  
[6.457s] -- Looking for ignition-msgs5 -- found version 5.8.1
[6.459s] -- Searching for dependencies of ignition-msgs5
[6.546s] -- Looking for ignition-math6 -- found version 6.15.1
[6.570s] -- Checking for module 'tinyxml2'
[6.630s] --   Found tinyxml2, version 9.0.0
[6.773s] -- Looking for ignition-msgs5 -- found version 5.8.1
[6.787s] -- Looking for ignition-common3 -- found version 3.14.0
[6.790s] -- Searching for dependencies of ignition-common3
[6.792s] -- Looking for dlfcn.h - found
[6.795s] -- Looking for libdl - found
[6.802s] -- Found DL: TRUE  
[6.860s] -- Found tinyobjloader: /usr/lib/x86_64-linux-gnu/cmake/tinyobjloader/tinyobjloader-config.cmake (found version "2.0.0") 
[6.862s] -- Searching for <ignition-common3> component [graphics]
[6.875s] -- Looking for ignition-common3-graphics -- found version 3.14.0
[6.877s] -- Searching for dependencies of ignition-common3-graphics
[6.879s] -- Looking for ignition-math6 -- found version 6.15.1
[6.894s] -- Looking for ignition-fuel_tools4 -- found version 4.4.0
[6.897s] -- Searching for dependencies of ignition-fuel_tools4
[7.225s] -- Found CURL: /usr/lib/x86_64-linux-gnu/libcurl.so (found version "7.81.0")  
[7.264s] -- Checking for module 'jsoncpp'
[7.319s] --   Found jsoncpp, version 1.9.5
[7.460s] -- Found JSONCPP: TRUE  
[7.493s] -- Checking for module 'libzip'
[7.543s] --   Found libzip, version 1.7.3
[7.666s] -- Found ZIP: TRUE  
[7.669s] -- Looking for ignition-common3 -- found version 3.14.0
[7.671s] -- Looking for ignition-math6 -- found version 6.15.1
[7.673s] -- Looking for ignition-msgs5 -- found version 5.8.1
[7.704s] -- Found gazebo_ros_pkgs: 3.7.0 (/opt/ros/humble/share/gazebo_ros_pkgs/cmake)
[7.718s] -- Found geometry_msgs: 4.2.4 (/opt/ros/humble/share/geometry_msgs/cmake)
[7.913s] -- Found rosidl_generator_c: 3.1.5 (/opt/ros/humble/share/rosidl_generator_c/cmake)
[7.952s] -- Found rosidl_adapter: 3.1.5 (/opt/ros/humble/share/rosidl_adapter/cmake)
[8.010s] -- Found rosidl_generator_cpp: 3.1.5 (/opt/ros/humble/share/rosidl_generator_cpp/cmake)
[8.085s] -- Using all available rosidl_typesupport_c: rosidl_typesupport_fastrtps_c;rosidl_typesupport_introspection_c
[8.172s] -- Using all available rosidl_typesupport_cpp: rosidl_typesupport_fastrtps_cpp;rosidl_typesupport_introspection_cpp
[8.385s] -- Found visualization_msgs: 4.2.4 (/opt/ros/humble/share/visualization_msgs/cmake)
[8.626s] -- Found nav_msgs: 4.2.4 (/opt/ros/humble/share/nav_msgs/cmake)
[8.718s] -- Found rclcpp: 16.0.10 (/opt/ros/humble/share/rclcpp/cmake)
[8.908s] -- Found rmw_implementation_cmake: 6.1.2 (/opt/ros/humble/share/rmw_implementation_cmake/cmake)
[8.922s] -- Found rmw_fastrtps_cpp: 6.2.7 (/opt/ros/humble/share/rmw_fastrtps_cpp/cmake)
[9.289s] -- Found OpenSSL: /usr/lib/x86_64-linux-gnu/libcrypto.so (found version "3.0.2")  
[9.391s] -- Found FastRTPS: /opt/ros/humble/include  
[9.558s] -- Using RMW implementation 'rmw_fastrtps_cpp' as default
[9.600s] -- Found Threads: TRUE  
[9.783s] -- Found tf2: 0.25.8 (/opt/ros/humble/share/tf2/cmake)
[10.077s] -- Configuring done
[10.230s] -- Generating done
[10.240s] -- Build files have been written to: /home/lucaslapdoglinux/major_prok_ws/HardCodeHeroesMajorProject/build/turtlebot3_gazebo
[10.282s] Invoked command in '/home/lucaslapdoglinux/major_prok_ws/HardCodeHeroesMajorProject/build/turtlebot3_gazebo' returned '0': CMAKE_PREFIX_PATH=${CMAKE_PREFIX_PATH}:/opt/ros/humble /usr/bin/cmake /home/lucaslapdoglinux/major_prok_ws/HardCodeHeroesMajorProject/turtlebot3_gazebo -DCMAKE_INSTALL_PREFIX=/home/lucaslapdoglinux/major_prok_ws/HardCodeHeroesMajorProject/install/turtlebot3_gazebo
[10.286s] Invoking command in '/home/lucaslapdoglinux/major_prok_ws/HardCodeHeroesMajorProject/build/turtlebot3_gazebo': CMAKE_PREFIX_PATH=${CMAKE_PREFIX_PATH}:/opt/ros/humble /usr/bin/cmake --build /home/lucaslapdoglinux/major_prok_ws/HardCodeHeroesMajorProject/build/turtlebot3_gazebo -- -j8 -l8
[10.483s] [  8%] [32mBuilding CXX object CMakeFiles/obstacle1.dir/models/turtlebot3_dqn_world/obstacle_plugin/obstacle1.cc.o[0m
[10.487s] [ 16%] [32mBuilding CXX object CMakeFiles/turtlebot3_shop_keeper.dir/src/main.cpp.o[0m
[10.488s] [ 25%] [32mBuilding CXX object CMakeFiles/obstacle2.dir/models/turtlebot3_dqn_world/obstacle_plugin/obstacle2.cc.o[0m
[10.526s] [ 33%] [32mBuilding CXX object CMakeFiles/turtlebot3_shop_keeper.dir/src/SensorProcessor.cpp.o[0m
[10.529s] [ 41%] [32mBuilding CXX object CMakeFiles/obstacles.dir/models/turtlebot3_dqn_world/obstacle_plugin/obstacles.cc.o[0m
[10.534s] [ 50%] [32mBuilding CXX object CMakeFiles/turtlebot3_shop_keeper.dir/src/InventoryWaypointsNode.cpp.o[0m
[10.536s] [ 58%] [32mBuilding CXX object CMakeFiles/turtlebot3_shop_keeper.dir/src/WaypointGenerator.cpp.o[0m
[10.585s] [ 66%] [32mBuilding CXX object CMakeFiles/turtlebot3_shop_keeper.dir/src/WaypointManager.cpp.o[0m
[34.093s] [01m[K/home/lucaslapdoglinux/major_prok_ws/HardCodeHeroesMajorProject/turtlebot3_gazebo/src/InventoryWaypointsNode.cpp:[m[K In constructor â€˜[01m[KInventoryWaypointsNode::InventoryWaypointsNode()[m[Kâ€™:
[34.095s] [01m[K/home/lucaslapdoglinux/major_prok_ws/HardCodeHeroesMajorProject/turtlebot3_gazebo/src/InventoryWaypointsNode.cpp:26:136:[m[K [01;31m[Kerror: [m[Kexpected â€˜[01m[K)[m[Kâ€™ before â€˜[01m[K;[m[Kâ€™ token
[34.098s]    26 |                                                         this->create_publisher<geometry_msgs::msg::PoseStamped>("inventory_goals", qos)[01;31m[K;[m[K
[34.104s]       |                                                                                                                                        [01;31m[K^[m[K
[34.104s]       |                                                                                                                                        [32m[K)[m[K
[34.105s] [01m[K/home/lucaslapdoglinux/major_prok_ws/HardCodeHeroesMajorProject/turtlebot3_gazebo/src/InventoryWaypointsNode.cpp:24:56:[m[K [01;36m[Knote: [m[Kto match this â€˜[01m[K([m[Kâ€™
[34.105s]    24 |   waypoint_manager_ = std::make_shared<WaypointManager>[01;36m[K([m[Kthis->create_publisher<geometry_msgs::msg::Point>("inventory_waypoints", qos),
[34.107s]       |                                                        [01;36m[K^[m[K
[34.370s] [01m[K/home/lucaslapdoglinux/major_prok_ws/HardCodeHeroesMajorProject/turtlebot3_gazebo/src/WaypointManager.cpp:[m[K In member function â€˜[01m[Kvoid WaypointManager::publish_goals()[m[Kâ€™:
[34.374s] [01m[K/home/lucaslapdoglinux/major_prok_ws/HardCodeHeroesMajorProject/turtlebot3_gazebo/src/WaypointManager.cpp:98:46:[m[K [01;31m[Kerror: [m[Kexpected â€˜[01m[K;[m[Kâ€™ before â€˜[01m[Kwaypoint_as_goal[m[Kâ€™
[34.378s]    98 |   std::make_shared<geometry_msgs::msg::Point>[01;31m[K [m[K[32m[Kwaypoint_as_goal[m[K = waypoints_.at(3.5);
[34.380s]       |                                              [01;31m[K^[m[K[32m[K~~~~~~~~~~~~~~~~[m[K
[34.381s]       |                                              [32m[K;[m[K
[34.382s] [01m[K/home/lucaslapdoglinux/major_prok_ws/HardCodeHeroesMajorProject/turtlebot3_gazebo/src/WaypointManager.cpp:98:8:[m[K [01;35m[Kwarning: [m[Kstatement is a reference, not call, to function â€˜[01m[Kstd::make_shared<geometry_msgs::msg::Point_<std::allocator<void> > >[m[Kâ€™ [[01;35m[K]8;;https://gcc.gnu.org/onlinedocs/gcc/Warning-Options.html#index-Waddress-Waddress]8;;[m[K]
[34.383s]    98 |   [01;35m[Kstd::make_shared<geometry_msgs::msg::Point>[m[K waypoint_as_goal = waypoints_.at(3.5);
[34.384s]       |   [01;35m[K~~~~~^~~~~~~~~~~~~~~~~~~~~~~~~~~~~~~~~~~~~~[m[K
[34.390s] [01m[K/home/lucaslapdoglinux/major_prok_ws/HardCodeHeroesMajorProject/turtlebot3_gazebo/src/WaypointManager.cpp:98:8:[m[K [01;35m[Kwarning: [m[Kstatement has no effect [[01;35m[K]8;;https://gcc.gnu.org/onlinedocs/gcc/Warning-Options.html#index-Wunused-value-Wunused-value]8;;[m[K]
[34.434s] [01m[K/home/lucaslapdoglinux/major_prok_ws/HardCodeHeroesMajorProject/turtlebot3_gazebo/src/WaypointManager.cpp:100:26:[m[K [01;31m[Kerror: [m[Kâ€˜[01m[Kwaypoint_as_goal[m[Kâ€™ was not declared in this scope; did you mean â€˜[01m[Kwaypoints_[m[Kâ€™?
[34.437s]   100 |   goal.pose.position.x = [01;31m[Kwaypoint_as_goal[m[K->x;
[34.438s]       |                          [01;31m[K^~~~~~~~~~~~~~~~[m[K
[34.438s]       |                          [32m[Kwaypoints_[m[K
[34.490s] [01m[K/home/lucaslapdoglinux/major_prok_ws/HardCodeHeroesMajorProject/turtlebot3_gazebo/src/WaypointManager.cpp:109:3:[m[K [01;31m[Kerror: [m[Kâ€˜[01m[Kpublisher_[m[Kâ€™ was not declared in this scope; did you mean â€˜[01m[Krmw_publisher_t[m[Kâ€™?
[34.490s]   109 |   [01;31m[Kpublisher_[m[K->publish(goal);
[34.491s]       |   [01;31m[K^~~~~~~~~~[m[K
[34.491s]       |   [32m[Krmw_publisher_t[m[K
[39.845s] gmake[2]: *** [CMakeFiles/turtlebot3_shop_keeper.dir/build.make:132: CMakeFiles/turtlebot3_shop_keeper.dir/src/WaypointManager.cpp.o] Error 1
[39.848s] gmake[2]: *** Waiting for unfinished jobs....
[54.901s] gmake[2]: *** [CMakeFiles/turtlebot3_shop_keeper.dir/build.make:90: CMakeFiles/turtlebot3_shop_keeper.dir/src/InventoryWaypointsNode.cpp.o] Error 1
[54.901s] gmake[1]: *** [CMakeFiles/Makefile2:143: CMakeFiles/turtlebot3_shop_keeper.dir/all] Error 2
[54.902s] gmake[1]: *** Waiting for unfinished jobs....
[84.567s] [ 75%] [32m[1mLinking CXX shared library libobstacle1.so[0m
[85.780s] [ 83%] [32m[1mLinking CXX shared library libobstacles.so[0m
[86.200s] [ 83%] Built target obstacle1
[87.278s] [ 83%] Built target obstacles
[87.696s] [ 91%] [32m[1mLinking CXX shared library libobstacle2.so[0m
[88.671s] [ 91%] Built target obstacle2
[88.676s] gmake: *** [Makefile:146: all] Error 2
[88.688s] Invoked command in '/home/lucaslapdoglinux/major_prok_ws/HardCodeHeroesMajorProject/build/turtlebot3_gazebo' returned '2': CMAKE_PREFIX_PATH=${CMAKE_PREFIX_PATH}:/opt/ros/humble /usr/bin/cmake --build /home/lucaslapdoglinux/major_prok_ws/HardCodeHeroesMajorProject/build/turtlebot3_gazebo -- -j8 -l8
