[0.013s] Invoking command in '/home/michael/Desktop/HardCodeHeroesMajorProject/auto_rotate/build/auto_rotate': CMAKE_PREFIX_PATH=${CMAKE_PREFIX_PATH}:/home/michael/turtlebot3_ws/install/turtlebot3_teleop:/home/michael/turtlebot3_ws/install/turtlebot3_example:/opt/ros/humble /usr/bin/cmake --build /home/michael/Desktop/HardCodeHeroesMajorProject/auto_rotate/build/auto_rotate -- -j8 -l8
[0.040s] -- Found ament_cmake: 1.3.10 (/opt/ros/humble/share/ament_cmake/cmake)
[0.172s] -- Found rclcpp: 16.0.10 (/opt/ros/humble/share/rclcpp/cmake)
[0.201s] -- Found rosidl_generator_c: 3.1.5 (/opt/ros/humble/share/rosidl_generator_c/cmake)
[0.215s] -- Found rosidl_adapter: 3.1.5 (/opt/ros/humble/share/rosidl_adapter/cmake)
[0.227s] -- Found rosidl_generator_cpp: 3.1.5 (/opt/ros/humble/share/rosidl_generator_cpp/cmake)
[0.241s] -- Using all available rosidl_typesupport_c: rosidl_typesupport_fastrtps_c;rosidl_typesupport_introspection_c
[0.255s] -- Using all available rosidl_typesupport_cpp: rosidl_typesupport_fastrtps_cpp;rosidl_typesupport_introspection_cpp
[0.285s] -- Found rmw_implementation_cmake: 6.1.2 (/opt/ros/humble/share/rmw_implementation_cmake/cmake)
[0.286s] -- Found rmw_fastrtps_cpp: 6.2.7 (/opt/ros/humble/share/rmw_fastrtps_cpp/cmake)
[0.389s] -- Using RMW implementation 'rmw_fastrtps_cpp' as default
[0.435s] -- Found geometry_msgs: 4.2.4 (/opt/ros/humble/share/geometry_msgs/cmake)
[0.446s] -- Found nav_msgs: 4.2.4 (/opt/ros/humble/share/nav_msgs/cmake)
[0.461s] -- Found nav2_msgs: 1.1.16 (/opt/ros/humble/share/nav2_msgs/cmake)
[0.500s] -- Found tf2_ros: 0.25.7 (/opt/ros/humble/share/tf2_ros/cmake)
[0.558s] -- Found tf2_geometry_msgs: 0.25.7 (/opt/ros/humble/share/tf2_geometry_msgs/cmake)
[0.560s] -- Found eigen3_cmake_module: 0.1.1 (/opt/ros/humble/share/eigen3_cmake_module/cmake)
[0.561s] -- Ensuring Eigen3 include directory is part of orocos-kdl CMake target
[0.623s] -- Configuring done
[0.638s] -- Generating done
[0.641s] -- Build files have been written to: /home/michael/Desktop/HardCodeHeroesMajorProject/auto_rotate/build/auto_rotate
[0.681s] [ 50%] [32mBuilding CXX object CMakeFiles/rotate_after_distance.dir/src/rotate_after_distance.cpp.o[0m
[3.357s] [01m[K/home/michael/Desktop/HardCodeHeroesMajorProject/auto_rotate/src/rotate_after_distance.cpp:[m[K In constructor â€˜[01m[KRotateAfterDistance::RotateAfterDistance()[m[Kâ€™:
[3.357s] [01m[K/home/michael/Desktop/HardCodeHeroesMajorProject/auto_rotate/src/rotate_after_distance.cpp:18:36:[m[K [01;31m[Kerror: [m[Kclass â€˜[01m[KRotateAfterDistance[m[Kâ€™ does not have any field named â€˜[01m[Ktraveled_distance_[m[Kâ€™
[3.357s]    18 |   : Node("rotate_after_distance"), [01;31m[Ktraveled_distance_[m[K(0.0), rotate_(false), rotation_complete_(false)
[3.357s]       |                                    [01;31m[K^~~~~~~~~~~~~~~~~~[m[K
[6.249s] gmake[2]: *** [CMakeFiles/rotate_after_distance.dir/build.make:76: CMakeFiles/rotate_after_distance.dir/src/rotate_after_distance.cpp.o] Error 1
[6.249s] gmake[1]: *** [CMakeFiles/Makefile2:137: CMakeFiles/rotate_after_distance.dir/all] Error 2
[6.249s] gmake: *** [Makefile:146: all] Error 2
[6.251s] Invoked command in '/home/michael/Desktop/HardCodeHeroesMajorProject/auto_rotate/build/auto_rotate' returned '2': CMAKE_PREFIX_PATH=${CMAKE_PREFIX_PATH}:/home/michael/turtlebot3_ws/install/turtlebot3_teleop:/home/michael/turtlebot3_ws/install/turtlebot3_example:/opt/ros/humble /usr/bin/cmake --build /home/michael/Desktop/HardCodeHeroesMajorProject/auto_rotate/build/auto_rotate -- -j8 -l8
