[35m[1mConsolidate compiler generated dependencies of target obstacle1[0m
[35m[1mConsolidate compiler generated dependencies of target obstacle2[0m
[35m[1mConsolidate compiler generated dependencies of target obstacles[0m
[35m[1mConsolidate compiler generated dependencies of target turtlebot3_shop_keeper[0m
[ 15%] Built target obstacle1
[ 30%] Built target obstacle2
[ 38%] [32mBuilding CXX object CMakeFiles/turtlebot3_shop_keeper.dir/src/main.cpp.o[0m
[ 46%] [32mBuilding CXX object CMakeFiles/turtlebot3_shop_keeper.dir/src/InventoryWaypointsNode.cpp.o[0m
[ 61%] Built target obstacles
In file included from [01m[K/home/lucaslapdoglinux/major_prok_ws/HardCodeHeroesMajorProject/turtlebot3_gazebo/src/main.cpp:3[m[K:
[01m[K/home/lucaslapdoglinux/major_prok_ws/HardCodeHeroesMajorProject/turtlebot3_gazebo/include/InventoryWaypointsNode.hpp:46:92:[m[K [01;31m[Kerror: [m[Kâ€˜[01m[KWrappedResul[m[Kâ€™ is not a member of â€˜[01m[Krclcpp_action::ClientGoalHandle<nav2_msgs::action::NavigateToPose>[m[Kâ€™
   46 | alHandle<nav2_msgs::action::NavigateToPose>::[01;31m[KWrappedResul[m[K::SharedPtr goal_result_sub_;  //Subscriber to the nav2 goal result client
      |                                              [01;31m[K^~~~~~~~~~~~[m[K

[01m[K/home/lucaslapdoglinux/major_prok_ws/HardCodeHeroesMajorProject/turtlebot3_gazebo/include/InventoryWaypointsNode.hpp:46:116:[m[K [01;31m[Kerror: [m[Ktemplate argument 1 is invalid
   46 | on::NavigateToPose>::WrappedResul::SharedPtr [01;31m[Kgoal_result_sub_[m[K;  //Subscriber to the nav2 goal result client
      |                                              [01;31m[K^~~~~~~~~~~~~~~~[m[K

[01m[K/home/lucaslapdoglinux/major_prok_ws/HardCodeHeroesMajorProject/turtlebot3_gazebo/include/InventoryWaypointsNode.hpp:46:116:[m[K [01;31m[Kerror: [m[Ktemplate argument 3 is invalid
[01m[K/home/lucaslapdoglinux/major_prok_ws/HardCodeHeroesMajorProject/turtlebot3_gazebo/include/InventoryWaypointsNode.hpp:46:116:[m[K [01;31m[Kerror: [m[Ktemplate argument 4 is invalid
[01m[K/home/lucaslapdoglinux/major_prok_ws/HardCodeHeroesMajorProject/turtlebot3_gazebo/include/InventoryWaypointsNode.hpp:46:116:[m[K [01;31m[Kerror: [m[Ktemplate argument 5 is invalid
In file included from [01m[K/home/lucaslapdoglinux/major_prok_ws/HardCodeHeroesMajorProject/turtlebot3_gazebo/src/InventoryWaypointsNode.cpp:4[m[K:
[01m[K/home/lucaslapdoglinux/major_prok_ws/HardCodeHeroesMajorProject/turtlebot3_gazebo/include/InventoryWaypointsNode.hpp:46:92:[m[K [01;31m[Kerror: [m[Kâ€˜[01m[KWrappedResul[m[Kâ€™ is not a member of â€˜[01m[Krclcpp_action::ClientGoalHandle<nav2_msgs::action::NavigateToPose>[m[Kâ€™
   46 |   rclcpp::Subscription<rclcpp_action::ClientGoalHandle<nav2_msgs::action::NavigateToPose>::[01;31m[KWrappedResul[m[K::SharedPtr goal_result_sub_;  //Subscriber to the nav2 goal result client
      |                                                                                            [01;31m[K^~~~~~~~~~~~[m[K
[01m[K/home/lucaslapdoglinux/major_prok_ws/HardCodeHeroesMajorProject/turtlebot3_gazebo/include/InventoryWaypointsNode.hpp:46:116:[m[K [01;31m[Kerror: [m[Ktemplate argument 1 is invalid
   46 |   rclcpp::Subscription<rclcpp_action::ClientGoalHandle<nav2_msgs::action::NavigateToPose>::WrappedResul::SharedPtr [01;31m[Kgoal_result_sub_[m[K;  //Subscriber to the nav2 goal result client
      |                                                                                                                    [01;31m[K^~~~~~~~~~~~~~~~[m[K
[01m[K/home/lucaslapdoglinux/major_prok_ws/HardCodeHeroesMajorProject/turtlebot3_gazebo/include/InventoryWaypointsNode.hpp:46:116:[m[K [01;31m[Kerror: [m[Ktemplate argument 3 is invalid
[01m[K/home/lucaslapdoglinux/major_prok_ws/HardCodeHeroesMajorProject/turtlebot3_gazebo/include/InventoryWaypointsNode.hpp:46:116:[m[K [01;31m[Kerror: [m[Ktemplate argument 4 is invalid
[01m[K/home/lucaslapdoglinux/major_prok_ws/HardCodeHeroesMajorProject/turtlebot3_gazebo/include/InventoryWaypointsNode.hpp:46:116:[m[K [01;31m[Kerror: [m[Ktemplate argument 5 is invalid
[01m[K/home/lucaslapdoglinux/major_prok_ws/HardCodeHeroesMajorProject/turtlebot3_gazebo/src/InventoryWaypointsNode.cpp:[m[K In constructor â€˜[01m[KInventoryWaypointsNode::InventoryWaypointsNode()[m[Kâ€™:
[01m[K/home/lucaslapdoglinux/major_prok_ws/HardCodeHeroesMajorProject/turtlebot3_gazebo/src/InventoryWaypointsNode.cpp:55:3:[m[K [01;31m[Kerror: [m[Kâ€˜[01m[Kgoal_result_sub_[m[Kâ€™ was not declared in this scope; did you mean â€˜[01m[Kgoal_result_callback[m[Kâ€™?
   55 |   [01;31m[Kgoal_result_sub_[m[K = this->create_subscription<rclcpp_action::ClientGoalHandle<nav2_msgs::action::NavigateToPose>::WrappedResult>(
      |   [01;31m[K^~~~~~~~~~~~~~~~[m[K
      |   [32m[Kgoal_result_callback[m[K
gmake[2]: *** [CMakeFiles/turtlebot3_shop_keeper.dir/build.make:76: CMakeFiles/turtlebot3_shop_keeper.dir/src/main.cpp.o] Error 1
gmake[2]: *** Waiting for unfinished jobs....
gmake[2]: *** [CMakeFiles/turtlebot3_shop_keeper.dir/build.make:90: CMakeFiles/turtlebot3_shop_keeper.dir/src/InventoryWaypointsNode.cpp.o] Error 1
gmake[1]: *** [CMakeFiles/Makefile2:143: CMakeFiles/turtlebot3_shop_keeper.dir/all] Error 2
gmake: *** [Makefile:146: all] Error 2
